2025-09-29T11:00:02.795+05:30  INFO 34508 --- [EmsBackendApplication] [main] c.e.E.EmsBackendApplication              : Starting EmsBackendApplication using Java 17 with PID 34508 (C:\Users\Neeraj Kumar\Downloads\EmsBackendApplication\EmsBackendApplication\target\classes started by Neeraj Kumar in C:\Users\Neeraj Kumar\Downloads\EmsBackendApplication\EmsBackendApplication)
2025-09-29T11:00:02.802+05:30  INFO 34508 --- [EmsBackendApplication] [main] c.e.E.EmsBackendApplication              : No active profile set, falling back to 1 default profile: "default"
2025-09-29T11:00:04.215+05:30  INFO 34508 --- [EmsBackendApplication] [main] .s.d.r.c.RepositoryConfigurationDelegate : Bootstrapping Spring Data JPA repositories in DEFAULT mode.
2025-09-29T11:00:04.360+05:30  INFO 34508 --- [EmsBackendApplication] [main] .s.d.r.c.RepositoryConfigurationDelegate : Finished Spring Data repository scanning in 116 ms. Found 2 JPA repository interfaces.
2025-09-29T11:00:05.335+05:30  INFO 34508 --- [EmsBackendApplication] [main] o.s.b.w.embedded.tomcat.TomcatWebServer  : Tomcat initialized with port 8080 (http)
2025-09-29T11:00:05.351+05:30  INFO 34508 --- [EmsBackendApplication] [main] o.apache.catalina.core.StandardService   : Starting service [Tomcat]
2025-09-29T11:00:05.353+05:30  INFO 34508 --- [EmsBackendApplication] [main] o.apache.catalina.core.StandardEngine    : Starting Servlet engine: [Apache Tomcat/10.1.43]
2025-09-29T11:00:05.454+05:30  INFO 34508 --- [EmsBackendApplication] [main] o.a.c.c.C.[Tomcat].[localhost].[/]       : Initializing Spring embedded WebApplicationContext
2025-09-29T11:00:05.454+05:30  INFO 34508 --- [EmsBackendApplication] [main] w.s.c.ServletWebServerApplicationContext : Root WebApplicationContext: initialization completed in 2540 ms
2025-09-29T11:00:05.771+05:30  INFO 34508 --- [EmsBackendApplication] [main] o.hibernate.jpa.internal.util.LogHelper  : HHH000204: Processing PersistenceUnitInfo [name: default]
2025-09-29T11:00:05.872+05:30  INFO 34508 --- [EmsBackendApplication] [main] org.hibernate.Version                    : HHH000412: Hibernate ORM core version 6.6.22.Final
2025-09-29T11:00:05.916+05:30  INFO 34508 --- [EmsBackendApplication] [main] o.h.c.internal.RegionFactoryInitiator    : HHH000026: Second-level cache disabled
2025-09-29T11:00:06.289+05:30  INFO 34508 --- [EmsBackendApplication] [main] o.s.o.j.p.SpringPersistenceUnitInfo      : No LoadTimeWeaver setup: ignoring JPA class transformer
2025-09-29T11:00:06.339+05:30  INFO 34508 --- [EmsBackendApplication] [main] com.zaxxer.hikari.HikariDataSource       : HikariPool-1 - Starting...
2025-09-29T11:00:06.614+05:30  INFO 34508 --- [EmsBackendApplication] [main] com.zaxxer.hikari.pool.HikariPool        : HikariPool-1 - Added connection org.postgresql.jdbc.PgConnection@27bb4dc5
2025-09-29T11:00:06.614+05:30  INFO 34508 --- [EmsBackendApplication] [main] com.zaxxer.hikari.HikariDataSource       : HikariPool-1 - Start completed.
2025-09-29T11:00:06.724+05:30  INFO 34508 --- [EmsBackendApplication] [main] org.hibernate.orm.connections.pooling    : HHH10001005: Database info:
	Database JDBC URL [Connecting through datasource 'HikariDataSource (HikariPool-1)']
	Database driver: undefined/unknown
	Database version: 16.9
	Autocommit mode: undefined/unknown
	Isolation level: undefined/unknown
	Minimum pool size: undefined/unknown
	Maximum pool size: undefined/unknown
2025-09-29T11:00:08.081+05:30  INFO 34508 --- [EmsBackendApplication] [main] o.h.e.t.j.p.i.JtaPlatformInitiator       : HHH000489: No JTA platform available (set 'hibernate.transaction.jta.platform' to enable JTA platform integration)
2025-09-29T11:00:08.156+05:30  INFO 34508 --- [EmsBackendApplication] [main] j.LocalContainerEntityManagerFactoryBean : Initialized JPA EntityManagerFactory for persistence unit 'default'
2025-09-29T11:00:08.675+05:30  WARN 34508 --- [EmsBackendApplication] [main] JpaBaseConfiguration$JpaWebConfiguration : spring.jpa.open-in-view is enabled by default. Therefore, database queries may be performed during view rendering. Explicitly configure spring.jpa.open-in-view to disable this warning
2025-09-29T11:00:09.310+05:30  INFO 34508 --- [EmsBackendApplication] [main] o.s.b.w.embedded.tomcat.TomcatWebServer  : Tomcat started on port 8080 (http) with context path '/'
2025-09-29T11:00:09.358+05:30  INFO 34508 --- [EmsBackendApplication] [main] c.e.E.EmsBackendApplication              : Started EmsBackendApplication in 7.358 seconds (process running for 7.929)
2025-09-29T11:00:43.322+05:30  INFO 34508 --- [EmsBackendApplication] [SpringApplicationShutdownHook] o.s.b.w.e.tomcat.GracefulShutdown        : Commencing graceful shutdown. Waiting for active requests to complete
2025-09-29T11:00:43.543+05:30  INFO 34508 --- [EmsBackendApplication] [tomcat-shutdown] o.s.b.w.e.tomcat.GracefulShutdown        : Graceful shutdown complete
2025-09-29T11:00:43.543+05:30  INFO 34508 --- [EmsBackendApplication] [SpringApplicationShutdownHook] j.LocalContainerEntityManagerFactoryBean : Closing JPA EntityManagerFactory for persistence unit 'default'
2025-09-29T11:00:43.543+05:30  INFO 34508 --- [EmsBackendApplication] [SpringApplicationShutdownHook] com.zaxxer.hikari.HikariDataSource       : HikariPool-1 - Shutdown initiated...
2025-09-29T11:00:43.559+05:30  INFO 34508 --- [EmsBackendApplication] [SpringApplicationShutdownHook] com.zaxxer.hikari.HikariDataSource       : HikariPool-1 - Shutdown completed.
